[debug] [2019-02-10T17:34:44.732Z] ----------------------------------------------------------------------
[debug] [2019-02-10T17:34:44.740Z] Command:       C:\Program Files\nodejs\node.exe C:\Users\hp2\AppData\Roaming\npm\node_modules\firebase-tools\lib\bin\firebase.js init
[debug] [2019-02-10T17:34:44.741Z] CLI Version:   6.3.0
[debug] [2019-02-10T17:34:44.742Z] Platform:      win32
[debug] [2019-02-10T17:34:44.742Z] Node Version:  v10.15.0
[debug] [2019-02-10T17:34:44.746Z] Time:          Sun Feb 10 2019 22:34:44 GMT+0500 (Pakistan Standard Time)
[debug] [2019-02-10T17:34:44.746Z] ----------------------------------------------------------------------
[debug] 
[debug] [2019-02-10T17:34:44.959Z] > command requires scopes: ["email","openid","https://www.googleapis.com/auth/cloudplatformprojects.readonly","https://www.googleapis.com/auth/firebase","https://www.googleapis.com/auth/cloud-platform"]
[debug] [2019-02-10T17:34:44.967Z] > authorizing via signed-in user
[info] 
     ######## #### ########  ######## ########     ###     ######  ########
     ##        ##  ##     ## ##       ##     ##  ##   ##  ##       ##
     ######    ##  ########  ######   ########  #########  ######  ######
     ##        ##  ##    ##  ##       ##     ## ##     ##       ## ##
     ##       #### ##     ## ######## ########  ##     ##  ######  ########

You're about to initialize a Firebase project in this directory:

  W:\WikTech\current project\Survey-App-react-Native-master

[info] 
=== Project Setup
[info] 
[info] First, let's associate this project directory with a Firebase project.
[info] You can create multiple project aliases by running firebase use --add, 
[info] but for now we'll just set up a default project.
[info] 
[debug] [2019-02-10T17:35:06.954Z] > refreshing access token with scopes: ["email","https://www.googleapis.com/auth/cloud-platform","https://www.googleapis.com/auth/cloudplatformprojects.readonly","https://www.googleapis.com/auth/firebase","openid"]
[debug] [2019-02-10T17:35:06.956Z] >>> HTTP REQUEST POST https://www.googleapis.com/oauth2/v3/token  
 <request body omitted>
[debug] [2019-02-10T17:35:08.184Z] <<< HTTP RESPONSE 200
[debug] [2019-02-10T17:35:08.234Z] >>> HTTP REQUEST GET https://firebase.googleapis.com/v1beta1/projects?page_size=100  
 
[debug] [2019-02-10T17:35:09.210Z] <<< HTTP RESPONSE 200
[info] i  Using project waqarchatapp (waqarChatApp)
[info] 
=== Functions Setup
[info] 
[info] A functions directory will be created in your project with a Node.js
[info] package pre-configured. Functions can be deployed with firebase deploy.
[info] 
[debug] [2019-02-10T17:35:22.267Z] > command requires scopes: ["email","openid","https://www.googleapis.com/auth/cloudplatformprojects.readonly","https://www.googleapis.com/auth/firebase","https://www.googleapis.com/auth/cloud-platform"]
[debug] [2019-02-10T17:35:22.268Z] > authorizing via signed-in user
[debug] [2019-02-10T17:35:22.270Z] >>> HTTP REQUEST GET https://firebase.googleapis.com/v1beta1/projects/waqarchatapp  
 
[debug] [2019-02-10T17:35:22.886Z] <<< HTTP RESPONSE 200
[debug] [2019-02-10T17:35:22.897Z] >>> HTTP REQUEST PATCH https://servicemanagement.googleapis.com/v1/services/cloudfunctions.googleapis.com/projectSettings/waqarchatapp?updateMask=usageSettings  

[debug] [2019-02-10T17:35:22.900Z] >>> HTTP REQUEST PATCH https://servicemanagement.googleapis.com/v1/services/runtimeconfig.googleapis.com/projectSettings/waqarchatapp?updateMask=usageSettings  

[debug] [2019-02-10T17:35:25.849Z] <<< HTTP RESPONSE 200
[debug] [2019-02-10T17:35:25.896Z] <<< HTTP RESPONSE 200
[info] +  Wrote functions/package.json
[info] +  Wrote functions/.eslintrc.json
[info] +  Wrote functions/index.js
[info] +  Wrote functions/.gitignore
